# JRE version: OpenJDK Runtime Environment (8.0_202-b03) (build 1.8.0_202-release-1483-b03)
# Java VM: OpenJDK 64-Bit Server VM (25.202-b03 mixed mode windows-amd64 compressed oops)
Heap:
 PSYoungGen      total 472576K, used 391220K [0x00000000e0000000, 0x00000000fff80000, 0x0000000100000000)
  eden space 422400K, 92% used [0x00000000e0000000,0x00000000f7e0d020,0x00000000f9c80000)
  from space 50176K, 0% used [0x00000000fce80000,0x00000000fce80000,0x00000000fff80000)
  to   space 50688K, 0% used [0x00000000f9c80000,0x00000000f9c80000,0x00000000fce00000)
 ParOldGen       total 110592K, used 52741K [0x00000000a0000000, 0x00000000a6c00000, 0x00000000e0000000)
  object space 110592K, 47% used [0x00000000a0000000,0x00000000a33815a0,0x00000000a6c00000)
 Metaspace       used 107854K, capacity 114850K, committed 121420K, reserved 1155072K
  class space    used 13313K, capacity 14476K, committed 15744K, reserved 1048576K
GC Heap History (10 events):
Event: 11969.216 GC heap before
{Heap before GC invocations=31 (full 4):
 PSYoungGen      total 470528K, used 449903K [0x00000000e0000000, 0x00000000fff00000, 0x0000000100000000)
  eden space 418816K, 100% used [0x00000000e0000000,0x00000000f9900000,0x00000000f9900000)
  from space 51712K, 60% used [0x00000000fcc80000,0x00000000feadbe28,0x00000000fff00000)
  to   space 52224K, 0% used [0x00000000f9900000,0x00000000f9900000,0x00000000fcc00000)
 ParOldGen       total 95744K, used 69266K [0x00000000a0000000, 0x00000000a5d80000, 0x00000000e0000000)
  object space 95744K, 72% used [0x00000000a0000000,0x00000000a43a49f0,0x00000000a5d80000)
 Metaspace       used 110261K, capacity 120786K, committed 121036K, reserved 1155072K
  class space    used 13922K, capacity 15605K, committed 15616K, reserved 1048576K
Event: 11969.442 GC heap after
Heap after GC invocations=31 (full 4):
 PSYoungGen      total 471040K, used 33040K [0x00000000e0000000, 0x0000000100000000, 0x0000000100000000)
  eden space 418816K, 0% used [0x00000000e0000000,0x00000000e0000000,0x00000000f9900000)
  from space 52224K, 63% used [0x00000000f9900000,0x00000000fb944198,0x00000000fcc00000)
  to   space 52224K, 0% used [0x00000000fcd00000,0x00000000fcd00000,0x0000000100000000)
 ParOldGen       total 95744K, used 69786K [0x00000000a0000000, 0x00000000a5d80000, 0x00000000e0000000)
  object space 95744K, 72% used [0x00000000a0000000,0x00000000a4426a10,0x00000000a5d80000)
 Metaspace       used 110261K, capacity 120786K, committed 121036K, reserved 1155072K
  class space    used 13922K, capacity 15605K, committed 15616K, reserved 1048576K
}
Event: 11975.215 GC heap before
{Heap before GC invocations=32 (full 4):
 PSYoungGen      total 471040K, used 451308K [0x00000000e0000000, 0x0000000100000000, 0x0000000100000000)
  eden space 418816K, 99% used [0x00000000e0000000,0x00000000f9877160,0x00000000f9900000)
  from space 52224K, 63% used [0x00000000f9900000,0x00000000fb944198,0x00000000fcc00000)
  to   space 52224K, 0% used [0x00000000fcd00000,0x00000000fcd00000,0x0000000100000000)
 ParOldGen       total 95744K, used 69786K [0x00000000a0000000, 0x00000000a5d80000, 0x00000000e0000000)
  object space 95744K, 72% used [0x00000000a0000000,0x00000000a4426a10,0x00000000a5d80000)
 Metaspace       used 110331K, capacity 120892K, committed 121036K, reserved 1155072K
  class space    used 13930K, capacity 15612K, committed 15616K, reserved 1048576K
Event: 11975.406 GC heap after
Heap after GC invocations=32 (full 4):
 PSYoungGen      total 470016K, used 19349K [0x00000000e0000000, 0x00000000ffe00000, 0x0000000100000000)
  eden space 419840K, 0% used [0x00000000e0000000,0x00000000e0000000,0x00000000f9a00000)
  from space 50176K, 38% used [0x00000000fcd00000,0x00000000fdfe5478,0x00000000ffe00000)
  to   space 51200K, 0% used [0x00000000f9a00000,0x00000000f9a00000,0x00000000fcc00000)
 ParOldGen       total 95744K, used 78515K [0x00000000a0000000, 0x00000000a5d80000, 0x00000000e0000000)
  object space 95744K, 82% used [0x00000000a0000000,0x00000000a4cacd38,0x00000000a5d80000)
 Metaspace       used 110331K, capacity 120892K, committed 121036K, reserved 1155072K
  class space    used 13930K, capacity 15612K, committed 15616K, reserved 1048576K
}
Event: 12032.863 GC heap before
{Heap before GC invocations=33 (full 4):
 PSYoungGen      total 470016K, used 439189K [0x00000000e0000000, 0x00000000ffe00000, 0x0000000100000000)
  eden space 419840K, 100% used [0x00000000e0000000,0x00000000f9a00000,0x00000000f9a00000)
  from space 50176K, 38% used [0x00000000fcd00000,0x00000000fdfe5478,0x00000000ffe00000)
  to   space 51200K, 0% used [0x00000000f9a00000,0x00000000f9a00000,0x00000000fcc00000)
 ParOldGen       total 95744K, used 78515K [0x00000000a0000000, 0x00000000a5d80000, 0x00000000e0000000)
  object space 95744K, 82% used [0x00000000a0000000,0x00000000a4cacd38,0x00000000a5d80000)
 Metaspace       used 110579K, capacity 121296K, committed 121420K, reserved 1155072K
  class space    used 13949K, capacity 15644K, committed 15744K, reserved 1048576K
Event: 12032.895 GC heap after
Heap after GC invocations=33 (full 4):
 PSYoungGen      total 471040K, used 11600K [0x00000000e0000000, 0x0000000100000000, 0x0000000100000000)
  eden space 419840K, 0% used [0x00000000e0000000,0x00000000e0000000,0x00000000f9a00000)
  from space 51200K, 22% used [0x00000000f9a00000,0x00000000fa5540c0,0x00000000fcc00000)
  to   space 50688K, 0% used [0x00000000fce80000,0x00000000fce80000,0x0000000100000000)
 ParOldGen       total 95744K, used 83831K [0x00000000a0000000, 0x00000000a5d80000, 0x00000000e0000000)
  object space 95744K, 87% used [0x00000000a0000000,0x00000000a51ddf20,0x00000000a5d80000)
 Metaspace       used 110579K, capacity 121296K, committed 121420K, reserved 1155072K
  class space    used 13949K, capacity 15644K, committed 15744K, reserved 1048576K
}
Event: 12237.312 GC heap before
{Heap before GC invocations=34 (full 4):
 PSYoungGen      total 471040K, used 431440K [0x00000000e0000000, 0x0000000100000000, 0x0000000100000000)
  eden space 419840K, 100% used [0x00000000e0000000,0x00000000f9a00000,0x00000000f9a00000)
  from space 51200K, 22% used [0x00000000f9a00000,0x00000000fa5540c0,0x00000000fcc00000)
  to   space 50688K, 0% used [0x00000000fce80000,0x00000000fce80000,0x0000000100000000)
 ParOldGen       total 95744K, used 83831K [0x00000000a0000000, 0x00000000a5d80000, 0x00000000e0000000)
  object space 95744K, 87% used [0x00000000a0000000,0x00000000a51ddf20,0x00000000a5d80000)
 Metaspace       used 110663K, capacity 121296K, committed 121420K, reserved 1155072K
  class space    used 13950K, capacity 15644K, committed 15744K, reserved 1048576K
Event: 12237.351 GC heap after
Heap after GC invocations=34 (full 4):
 PSYoungGen      total 472576K, used 10689K [0x00000000e0000000, 0x00000000fff80000, 0x0000000100000000)
  eden space 422400K, 0% used [0x00000000e0000000,0x00000000e0000000,0x00000000f9c80000)
  from space 50176K, 21% used [0x00000000fce80000,0x00000000fd8f0538,0x00000000fff80000)
  to   space 50688K, 0% used [0x00000000f9c80000,0x00000000f9c80000,0x00000000fce00000)
 ParOldGen       total 95744K, used 86471K [0x00000000a0000000, 0x00000000a5d80000, 0x00000000e0000000)
  object space 95744K, 90% used [0x00000000a0000000,0x00000000a5471fa0,0x00000000a5d80000)
 Metaspace       used 110663K, capacity 121296K, committed 121420K, reserved 1155072K
  class space    used 13950K, capacity 15644K, committed 15744K, reserved 1048576K
}
Event: 12237.352 GC heap before
{Heap before GC invocations=35 (full 5):
 PSYoungGen      total 472576K, used 10689K [0x00000000e0000000, 0x00000000fff80000, 0x0000000100000000)
  eden space 422400K, 0% used [0x00000000e0000000,0x00000000e0000000,0x00000000f9c80000)
  from space 50176K, 21% used [0x00000000fce80000,0x00000000fd8f0538,0x00000000fff80000)
  to   space 50688K, 0% used [0x00000000f9c80000,0x00000000f9c80000,0x00000000fce00000)
 ParOldGen       total 95744K, used 86471K [0x00000000a0000000, 0x00000000a5d80000, 0x00000000e0000000)
  object space 95744K, 90% used [0x00000000a0000000,0x00000000a5471fa0,0x00000000a5d80000)
 Metaspace       used 110663K, capacity 121296K, committed 121420K, reserved 1155072K
  class space    used 13950K, capacity 15644K, committed 15744K, reserved 1048576K
Event: 12239.275 GC heap after
Heap after GC invocations=35 (full 5):
 PSYoungGen      total 472576K, used 0K [0x00000000e0000000, 0x00000000fff80000, 0x0000000100000000)
  eden space 422400K, 0% used [0x00000000e0000000,0x00000000e0000000,0x00000000f9c80000)
  from space 50176K, 0% used [0x00000000fce80000,0x00000000fce80000,0x00000000fff80000)
  to   space 50688K, 0% used [0x00000000f9c80000,0x00000000f9c80000,0x00000000fce00000)
 ParOldGen       total 110592K, used 52741K [0x00000000a0000000, 0x00000000a6c00000, 0x00000000e0000000)
  object space 110592K, 47% used [0x00000000a0000000,0x00000000a33815a0,0x00000000a6c00000)
 Metaspace       used 107813K, capacity 114782K, committed 121420K, reserved 1155072K
  class space    used 13313K, capacity 14476K, committed 15744K, reserved 1048576K
}

